<?xml version="1.0" encoding="UTF-8"?>
<!-- Generated by org.testng.reporters.JUnitXMLReporter -->
<testsuite ignored="14" hostname="DESKTOP-86KNJ96" failures="0" tests="12" name="Command line test" time="0.078" errors="0" timestamp="2023-03-08T10:35:11 IST">
  <testcase classname="STY.IntelliConvo.BaseClass" name="@BeforeTest initializeDriver" time="0.009">
    <failure type="java.lang.NullPointerException" message="Cannot invoke &amp;quot;org.openqa.selenium.WebDriver.get(String)&amp;quot; because &amp;quot;this.driver&amp;quot; is null">
      <![CDATA[java.lang.NullPointerException: Cannot invoke "org.openqa.selenium.WebDriver.get(String)" because "this.driver" is null
at STY.IntelliConvo.BaseClass.initializeDriver(BaseClass.java:42)
... Removed 34 stack frames]]>
    </failure>
  </testcase> <!-- @BeforeTest initializeDriver -->
  <testcase classname="STY.IntelliConvo.BaseClass" name="@AfterTest afterTest" time="-1.678251911699E9">
    <skipped/>
  </testcase> <!-- @AfterTest afterTest -->
  <testcase classname="STY.IntelliConvo.CallAnalysisTest" name="CallAnalysisTest" time="0.0">
    <skipped/>
  </testcase> <!-- CallAnalysisTest -->
  <testcase classname="STY.IntelliConvo.CustomerLoginTest" name="UsersTest_TC" time="0.0">
    <skipped/>
  </testcase> <!-- UsersTest_TC -->
  <testcase classname="STY.IntelliConvo.CustomersTest" name="Add_Customers_TC" time="0.0">
    <skipped/>
  </testcase> <!-- Add_Customers_TC -->
  <testcase classname="STY.IntelliConvo.KeyWordsTest" name="AddNew_Keyword_TC" time="0.0">
    <skipped/>
  </testcase> <!-- AddNew_Keyword_TC -->
  <testcase classname="STY.IntelliConvo.KeyWordsTest" name="UpdateCustomer_TC" time="0.0">
    <skipped/>
  </testcase> <!-- UpdateCustomer_TC -->
  <testcase classname="STY.IntelliConvo.KeyWordsTest" name="AddMultipleKeywords_TC" time="0.0">
    <skipped/>
  </testcase> <!-- AddMultipleKeywords_TC -->
  <testcase classname="STY.IntelliConvo.LoginTest" name="loginTest" time="0.0">
    <skipped/>
  </testcase> <!-- loginTest -->
  <testcase classname="STY.IntelliConvo.OrganisationTest" name="Add_Organisation_TC" time="0.0">
    <skipped/>
  </testcase> <!-- Add_Organisation_TC -->
  <testcase classname="STY.IntelliConvo.OrganisationTest" name="OrgUpdate_TC" time="0.0">
    <skipped/>
  </testcase> <!-- OrgUpdate_TC -->
  <testcase classname="STY.IntelliConvo.UploadTest" name="EditView_Act_TC" time="0.0">
    <skipped/>
  </testcase> <!-- EditView_Act_TC -->
  <testcase classname="STY.IntelliConvo.UploadTest" name="Edit_Act_TC" time="0.0">
    <skipped/>
  </testcase> <!-- Edit_Act_TC -->
  <testcase classname="STY.IntelliConvo.UsersTest" name="Add_Users_TC" time="0.0">
    <skipped/>
  </testcase> <!-- Add_Users_TC -->
  <testcase classname="STY.IntelliConvo.BaseClass" name="@AfterTest afterTest" time="0.0">
    <ignored/>
  </testcase> <!-- @AfterTest afterTest -->
  <testcase classname="STY.IntelliConvo.BaseClass" name="@AfterTest afterTest" time="0.0">
    <ignored/>
  </testcase> <!-- @AfterTest afterTest -->
  <testcase classname="STY.IntelliConvo.BaseClass" name="@AfterTest afterTest" time="0.0">
    <ignored/>
  </testcase> <!-- @AfterTest afterTest -->
  <testcase classname="STY.IntelliConvo.BaseClass" name="@AfterTest afterTest" time="0.0">
    <ignored/>
  </testcase> <!-- @AfterTest afterTest -->
  <testcase classname="STY.IntelliConvo.BaseClass" name="@AfterTest afterTest" time="0.0">
    <ignored/>
  </testcase> <!-- @AfterTest afterTest -->
  <testcase classname="STY.IntelliConvo.BaseClass" name="@AfterTest afterTest" time="0.0">
    <ignored/>
  </testcase> <!-- @AfterTest afterTest -->
  <testcase classname="STY.IntelliConvo.BaseClass" name="@AfterTest afterTest" time="0.0">
    <ignored/>
  </testcase> <!-- @AfterTest afterTest -->
  <testcase classname="STY.IntelliConvo.BaseClass" name="@BeforeTest initializeDriver" time="0.0">
    <ignored/>
  </testcase> <!-- @BeforeTest initializeDriver -->
  <testcase classname="STY.IntelliConvo.BaseClass" name="@BeforeTest initializeDriver" time="0.0">
    <ignored/>
  </testcase> <!-- @BeforeTest initializeDriver -->
  <testcase classname="STY.IntelliConvo.BaseClass" name="@BeforeTest initializeDriver" time="0.0">
    <ignored/>
  </testcase> <!-- @BeforeTest initializeDriver -->
  <testcase classname="STY.IntelliConvo.BaseClass" name="@BeforeTest initializeDriver" time="0.0">
    <ignored/>
  </testcase> <!-- @BeforeTest initializeDriver -->
  <testcase classname="STY.IntelliConvo.BaseClass" name="@BeforeTest initializeDriver" time="0.0">
    <ignored/>
  </testcase> <!-- @BeforeTest initializeDriver -->
  <testcase classname="STY.IntelliConvo.BaseClass" name="@BeforeTest initializeDriver" time="0.0">
    <ignored/>
  </testcase> <!-- @BeforeTest initializeDriver -->
  <testcase classname="STY.IntelliConvo.BaseClass" name="@BeforeTest initializeDriver" time="0.0">
    <ignored/>
  </testcase> <!-- @BeforeTest initializeDriver -->
</testsuite> <!-- Command line test -->
