<?xml version="1.0" encoding="UTF-8"?>
<testsuite xmlns:xsi="http://www.w3.org/2001/XMLSchema-instance" xsi:noNamespaceSchemaLocation="https://maven.apache.org/surefire/maven-surefire-plugin/xsd/surefire-test-report-3.0.xsd" version="3.0" name="TestSuite" time="679.459" tests="2" errors="0" skipped="0" failures="0">
  <properties>
[...]
</properties>
  <testcase name="Add_Users_TC" classname="STY.IntelliConvo.UsersTest" time="634.056">
    <system-out><![CDATA[NUll Data
{Agent=Agent, AppleBTest=AppleBTest, FirstName=Madhavi, Madhavi=amol, Bharti=Joshi, Mobile=8410887654, SelectRole=Agent, PEmail=madhavi9@mailinator.com, SelectCustomer=Appleb1testone, Sales=Sales, SelectProcess=Sales, EMP1101=EMP1102, Appleb1testone=Appleb1testtwo, SelectOrganisation=AppleBTest, LastName=Bharti, EmployeeID=EMP1101, madhavi9@mailinator.com=atul9@mailinator.com}
{InvalidCredEmail=abc@gmail.com, InvalidEmail=abc, ValidEmail=intelliconvo@mailinator.com, Password=User123!}
https://www.convintelligence.in/dashboard/call
User login Successfully.
This field is required.
This field is required.
This field is required.
First name should be 3 to 30 character long and it should not start with blank space and not have special character and number.
First name should be 3 to 30 character long and it should not start with blank space and not have special character and number.
First name should be 3 to 30 character long and it should not start with blank space and not have special character and number.
First name should be 3 to 30 character long and it should not start with blank space and not have special character and number.
Last name should be 3 to 30 character long and it should not start with blank space and not have special character and number.
Last name should be 3 to 30 character long and it should not start with blank space and not have special character and number.
Last name should be 3 to 30 character long and it should not start with blank space and not have special character and number.
Last name should be 3 to 30 character long and it should not start with blank space and not have special character and number.
This field is required.
Email must be a valid email address.
Email must be a valid email address.
Email must be a valid email address.
441 EMP1101 Madhavi Bh..... AppleBTest Appleb1testone Agent madhavi9@m..... Sales
This field is required.
This field is required.
This field is required.
First name should be 3 to 30 character long and it should not start with blank space and not have special character and number.
First name should be 3 to 30 character long and it should not start with blank space and not have special character and number.
First name should be 3 to 30 character long and it should not start with blank space and not have special character and number.
First name should be 3 to 30 character long and it should not start with blank space and not have special character and number.
Last name should be 3 to 30 character long and it should not start with blank space and not have special character and number.
Last name should be 3 to 30 character long and it should not start with blank space and not have special character and number.
Last name should be 3 to 30 character long and it should not start with blank space and not have special character and number.
Last name should be 3 to 30 character long and it should not start with blank space and not have special character and number.
This field is required.
Email must be a valid email address.
Email must be a valid email address.
Email must be a valid email address.
442 EMP1102 amol Joshi AppleBTest Appleb1testtwo Agent atul9@mail..... Sales
]]></system-out>
    <system-err><![CDATA[Starting ChromeDriver 112.0.5615.49 (bd2a7bcb881c11e8cfe3078709382934e3916914-refs/branch-heads/5615@{#936}) on port 32279
Only local connections are allowed.
Please see https://chromedriver.chromium.org/security-considerations for suggestions on keeping ChromeDriver safe.
ChromeDriver was started successfully.
Apr 24, 2023 10:57:16 AM org.openqa.selenium.remote.ProtocolHandshake createSession
INFO: Detected dialect: W3C
]]></system-err>
  </testcase>
  <testcase name="Edit_User_TC" classname="STY.IntelliConvo.UsersTest" time="32.774">
    <system-out><![CDATA[NUll Data
{Agent=Agent, AppleBTest=AppleBTest, FirstName=Madhavi, Madhavi=amol, Bharti=Joshi, Mobile=8410887654, SelectRole=Agent, PEmail=madhavi9@mailinator.com, SelectCustomer=Appleb1testone, Sales=Sales, SelectProcess=Sales, EMP1101=EMP1102, Appleb1testone=Appleb1testtwo, SelectOrganisation=AppleBTest, LastName=Bharti, EmployeeID=EMP1101, madhavi9@mailinator.com=atul9@mailinator.com}

]]></system-out>
  </testcase>
</testsuite>