<?xml version="1.0" encoding="UTF-8"?>
<testng-results ignored="0" total="2" passed="2" failed="0" skipped="0">
  <reporter-output>
  </reporter-output>
  <suite started-at="2023-04-24T10:57:15 IST" name="Suite" finished-at="2023-04-24T11:08:33 IST" duration-ms="678301">
    <groups>
    </groups>
    <test started-at="2023-04-24T10:57:15 IST" name="Test" finished-at="2023-04-24T11:08:33 IST" duration-ms="678301">
      <class name="STY.IntelliConvo.UsersTest">
        <test-method is-config="true" signature="initializeDriver()[pri:0, instance:STY.IntelliConvo.UsersTest@20ca951f]" started-at="2023-04-24T10:57:15 IST" name="initializeDriver" finished-at="2023-04-24T10:57:19 IST" duration-ms="4112" status="PASS">
          <reporter-output>
          </reporter-output>
        </test-method> <!-- initializeDriver -->
        <test-method signature="Add_Users_TC()[pri:1, instance:STY.IntelliConvo.UsersTest@20ca951f]" started-at="2023-04-24T10:57:19 IST" name="Add_Users_TC" finished-at="2023-04-24T11:07:53 IST" duration-ms="634052" status="PASS">
          <reporter-output>
          </reporter-output>
        </test-method> <!-- Add_Users_TC -->
        <test-method signature="Edit_User_TC()[pri:2, instance:STY.IntelliConvo.UsersTest@20ca951f]" started-at="2023-04-24T11:07:53 IST" name="Edit_User_TC" finished-at="2023-04-24T11:08:26 IST" duration-ms="32774" status="PASS">
          <reporter-output>
          </reporter-output>
        </test-method> <!-- Edit_User_TC -->
        <test-method is-config="true" signature="afterTest()[pri:0, instance:STY.IntelliConvo.UsersTest@20ca951f]" started-at="2023-04-24T11:08:26 IST" name="afterTest" finished-at="2023-04-24T11:08:33 IST" duration-ms="7042" status="PASS">
          <reporter-output>
          </reporter-output>
        </test-method> <!-- afterTest -->
      </class> <!-- STY.IntelliConvo.UsersTest -->
    </test> <!-- Test -->
  </suite> <!-- Suite -->
</testng-results>
