<?xml version="1.0" encoding="UTF-8"?>
<testng-results ignored="0" total="1" passed="1" failed="0" skipped="0">
  <reporter-output>
  </reporter-output>
  <suite started-at="2024-05-05T13:14:53 IST" name="Suite" finished-at="2024-05-05T13:16:27 IST" duration-ms="94818">
    <groups>
    </groups>
    <test started-at="2024-05-05T13:14:53 IST" name="Test" finished-at="2024-05-05T13:16:27 IST" duration-ms="94818">
      <class name="STY.IntelliConvo.LoginTest">
        <test-method is-config="true" signature="initializeDriver()[pri:0, instance:STY.IntelliConvo.LoginTest@74589991]" started-at="2024-05-05T13:14:53 IST" name="initializeDriver" finished-at="2024-05-05T13:15:07 IST" duration-ms="14750" status="PASS">
          <reporter-output>
          </reporter-output>
        </test-method> <!-- initializeDriver -->
        <test-method signature="loginTest()[pri:1, instance:STY.IntelliConvo.LoginTest@74589991]" started-at="2024-05-05T13:15:07 IST" name="loginTest" finished-at="2024-05-05T13:16:19 IST" duration-ms="71769" status="PASS">
          <reporter-output>
          </reporter-output>
        </test-method> <!-- loginTest -->
        <test-method is-config="true" signature="afterTest()[pri:0, instance:STY.IntelliConvo.LoginTest@74589991]" started-at="2024-05-05T13:16:20 IST" name="afterTest" finished-at="2024-05-05T13:16:27 IST" duration-ms="7521" status="PASS">
          <reporter-output>
          </reporter-output>
        </test-method> <!-- afterTest -->
      </class> <!-- STY.IntelliConvo.LoginTest -->
    </test> <!-- Test -->
  </suite> <!-- Suite -->
</testng-results>
